[30-Dec-2018 19:02:08 UTC] PHP Warning:  mysqli_fetch_assoc() expects parameter 1 to be mysqli_result, boolean given in /home/ubuntu/workspace/api/user/read.php on line 11
[30-Dec-2018 19:02:08 UTC] PHP Stack trace:
[30-Dec-2018 19:02:08 UTC] PHP   1. {main}() /home/ubuntu/workspace/api/user/read.php:0
[30-Dec-2018 19:02:08 UTC] PHP   2. mysqli_fetch_assoc() /home/ubuntu/workspace/api/user/read.php:11
[31-Dec-2018 04:09:15 UTC] PHP Warning:  mysqli_fetch_assoc() expects parameter 1 to be mysqli_result, boolean given in /home/ubuntu/workspace/api/user/read.php on line 11
[31-Dec-2018 04:09:15 UTC] PHP Stack trace:
[31-Dec-2018 04:09:15 UTC] PHP   1. {main}() /home/ubuntu/workspace/api/user/read.php:0
[31-Dec-2018 04:09:15 UTC] PHP   2. mysqli_fetch_assoc() /home/ubuntu/workspace/api/user/read.php:11
[31-Dec-2018 04:10:07 UTC] PHP Warning:  mysqli_fetch_assoc() expects parameter 1 to be mysqli_result, boolean given in /home/ubuntu/workspace/api/user/read.php on line 11
[31-Dec-2018 04:10:07 UTC] PHP Stack trace:
[31-Dec-2018 04:10:07 UTC] PHP   1. {main}() /home/ubuntu/workspace/api/user/read.php:0
[31-Dec-2018 04:10:07 UTC] PHP   2. mysqli_fetch_assoc() /home/ubuntu/workspace/api/user/read.php:11
[31-Dec-2018 04:23:14 UTC] PHP Warning:  mysqli_fetch_assoc() expects parameter 1 to be mysqli_result, boolean given in /home/ubuntu/workspace/api/user/read.php on line 11
[31-Dec-2018 04:23:14 UTC] PHP Stack trace:
[31-Dec-2018 04:23:14 UTC] PHP   1. {main}() /home/ubuntu/workspace/api/user/read.php:0
[31-Dec-2018 04:23:14 UTC] PHP   2. mysqli_fetch_assoc() /home/ubuntu/workspace/api/user/read.php:11
[31-Dec-2018 04:23:25 UTC] PHP Warning:  mysqli_fetch_assoc() expects parameter 1 to be mysqli_result, boolean given in /home/ubuntu/workspace/api/user/read.php on line 11
[31-Dec-2018 04:23:25 UTC] PHP Stack trace:
[31-Dec-2018 04:23:25 UTC] PHP   1. {main}() /home/ubuntu/workspace/api/user/read.php:0
[31-Dec-2018 04:23:25 UTC] PHP   2. mysqli_fetch_assoc() /home/ubuntu/workspace/api/user/read.php:11
[31-Dec-2018 04:26:26 UTC] PHP Warning:  mysqli_fetch_assoc() expects parameter 1 to be mysqli_result, boolean given in /home/ubuntu/workspace/api/user/read.php on line 11
[31-Dec-2018 04:26:26 UTC] PHP Stack trace:
[31-Dec-2018 04:26:26 UTC] PHP   1. {main}() /home/ubuntu/workspace/api/user/read.php:0
[31-Dec-2018 04:26:26 UTC] PHP   2. mysqli_fetch_assoc() /home/ubuntu/workspace/api/user/read.php:11
[31-Dec-2018 04:26:35 UTC] PHP Warning:  mysqli_fetch_assoc() expects parameter 1 to be mysqli_result, boolean given in /home/ubuntu/workspace/api/user/read.php on line 11
[31-Dec-2018 04:26:35 UTC] PHP Stack trace:
[31-Dec-2018 04:26:35 UTC] PHP   1. {main}() /home/ubuntu/workspace/api/user/read.php:0
[31-Dec-2018 04:26:35 UTC] PHP   2. mysqli_fetch_assoc() /home/ubuntu/workspace/api/user/read.php:11
[31-Dec-2018 04:38:08 UTC] PHP Warning:  mysqli_fetch_assoc() expects parameter 1 to be mysqli_result, boolean given in /home/ubuntu/workspace/api/user/read.php on line 11
[31-Dec-2018 04:38:08 UTC] PHP Stack trace:
[31-Dec-2018 04:38:08 UTC] PHP   1. {main}() /home/ubuntu/workspace/api/user/read.php:0
[31-Dec-2018 04:38:08 UTC] PHP   2. mysqli_fetch_assoc() /home/ubuntu/workspace/api/user/read.php:11
[31-Dec-2018 04:39:26 UTC] PHP Warning:  mysqli_fetch_assoc() expects parameter 1 to be mysqli_result, boolean given in /home/ubuntu/workspace/api/user/read.php on line 11
[31-Dec-2018 04:39:26 UTC] PHP Stack trace:
[31-Dec-2018 04:39:26 UTC] PHP   1. {main}() /home/ubuntu/workspace/api/user/read.php:0
[31-Dec-2018 04:39:26 UTC] PHP   2. mysqli_fetch_assoc() /home/ubuntu/workspace/api/user/read.php:11
[31-Dec-2018 04:52:31 UTC] PHP Warning:  mysqli_fetch_assoc() expects parameter 1 to be mysqli_result, boolean given in /home/ubuntu/workspace/api/user/read.php on line 11
[31-Dec-2018 04:52:31 UTC] PHP Stack trace:
[31-Dec-2018 04:52:31 UTC] PHP   1. {main}() /home/ubuntu/workspace/api/user/read.php:0
[31-Dec-2018 04:52:31 UTC] PHP   2. mysqli_fetch_assoc() /home/ubuntu/workspace/api/user/read.php:11
[31-Dec-2018 04:52:57 UTC] PHP Warning:  mysqli_fetch_assoc() expects parameter 1 to be mysqli_result, boolean given in /home/ubuntu/workspace/api/user/read.php on line 11
[31-Dec-2018 04:52:57 UTC] PHP Stack trace:
[31-Dec-2018 04:52:57 UTC] PHP   1. {main}() /home/ubuntu/workspace/api/user/read.php:0
[31-Dec-2018 04:52:57 UTC] PHP   2. mysqli_fetch_assoc() /home/ubuntu/workspace/api/user/read.php:11
[31-Dec-2018 04:53:51 UTC] PHP Warning:  mysqli_fetch_assoc() expects parameter 1 to be mysqli_result, boolean given in /home/ubuntu/workspace/api/user/read.php on line 11
[31-Dec-2018 04:53:51 UTC] PHP Stack trace:
[31-Dec-2018 04:53:51 UTC] PHP   1. {main}() /home/ubuntu/workspace/api/user/read.php:0
[31-Dec-2018 04:53:51 UTC] PHP   2. mysqli_fetch_assoc() /home/ubuntu/workspace/api/user/read.php:11
[31-Dec-2018 04:55:30 UTC] PHP Warning:  mysqli_fetch_assoc() expects parameter 1 to be mysqli_result, boolean given in /home/ubuntu/workspace/api/user/read.php on line 11
[31-Dec-2018 04:55:30 UTC] PHP Stack trace:
[31-Dec-2018 04:55:30 UTC] PHP   1. {main}() /home/ubuntu/workspace/api/user/read.php:0
[31-Dec-2018 04:55:30 UTC] PHP   2. mysqli_fetch_assoc() /home/ubuntu/workspace/api/user/read.php:11
[31-Dec-2018 04:59:49 UTC] PHP Warning:  mysqli_fetch_assoc() expects parameter 1 to be mysqli_result, boolean given in /home/ubuntu/workspace/api/user/read.php on line 11
[31-Dec-2018 04:59:49 UTC] PHP Stack trace:
[31-Dec-2018 04:59:49 UTC] PHP   1. {main}() /home/ubuntu/workspace/api/user/read.php:0
[31-Dec-2018 04:59:49 UTC] PHP   2. mysqli_fetch_assoc() /home/ubuntu/workspace/api/user/read.php:11
[31-Dec-2018 05:00:26 UTC] PHP Warning:  mysqli_fetch_assoc() expects parameter 1 to be mysqli_result, boolean given in /home/ubuntu/workspace/api/user/read.php on line 11
[31-Dec-2018 05:00:26 UTC] PHP Stack trace:
[31-Dec-2018 05:00:26 UTC] PHP   1. {main}() /home/ubuntu/workspace/api/user/read.php:0
[31-Dec-2018 05:00:26 UTC] PHP   2. mysqli_fetch_assoc() /home/ubuntu/workspace/api/user/read.php:11
[31-Dec-2018 05:03:58 UTC] PHP Warning:  mysqli_fetch_assoc() expects parameter 1 to be mysqli_result, boolean given in /home/ubuntu/workspace/api/user/read.php on line 13
[31-Dec-2018 05:03:58 UTC] PHP Stack trace:
[31-Dec-2018 05:03:58 UTC] PHP   1. {main}() /home/ubuntu/workspace/api/user/read.php:0
[31-Dec-2018 05:03:58 UTC] PHP   2. mysqli_fetch_assoc() /home/ubuntu/workspace/api/user/read.php:13
[31-Dec-2018 08:58:54 UTC] PHP Warning:  mysqli_fetch_assoc() expects parameter 1 to be mysqli_result, boolean given in /home/ubuntu/workspace/api/user/read.php on line 13
[31-Dec-2018 08:58:54 UTC] PHP Stack trace:
[31-Dec-2018 08:58:54 UTC] PHP   1. {main}() /home/ubuntu/workspace/api/user/read.php:0
[31-Dec-2018 08:58:54 UTC] PHP   2. mysqli_fetch_assoc() /home/ubuntu/workspace/api/user/read.php:13
[31-Dec-2018 09:05:14 UTC] PHP Warning:  mysqli_fetch_assoc() expects parameter 1 to be mysqli_result, boolean given in /home/ubuntu/workspace/api/user/read.php on line 13
[31-Dec-2018 09:05:14 UTC] PHP Stack trace:
[31-Dec-2018 09:05:14 UTC] PHP   1. {main}() /home/ubuntu/workspace/api/user/read.php:0
[31-Dec-2018 09:05:14 UTC] PHP   2. mysqli_fetch_assoc() /home/ubuntu/workspace/api/user/read.php:13
[01-Jan-2019 03:55:45 UTC] PHP Fatal error:  Uncaught exception 'Exception' with message 'FPDF error: No font has been set' in /home/ubuntu/workspace/fpdf/fpdf.php:271
Stack trace:
#0 /home/ubuntu/workspace/fpdf/fpdf.php(625): FPDF->Error('No font has bee...')
#1 /home/ubuntu/workspace/api/jual/pdf.php(15): FPDF->Cell(40, 10, 'Nama Pelanggan:')
#2 {main}
  thrown in /home/ubuntu/workspace/fpdf/fpdf.php on line 271
[01-Jan-2019 03:56:00 UTC] PHP Fatal error:  Using $this when not in object context in /home/ubuntu/workspace/api/jual/pdf.php on line 15
[01-Jan-2019 03:56:00 UTC] PHP Stack trace:
[01-Jan-2019 03:56:00 UTC] PHP   1. {main}() /home/ubuntu/workspace/api/jual/pdf.php:0
[01-Jan-2019 03:56:11 UTC] PHP Fatal error:  Uncaught exception 'Exception' with message 'FPDF error: No page has been added yet' in /home/ubuntu/workspace/fpdf/fpdf.php:271
Stack trace:
#0 /home/ubuntu/workspace/fpdf/fpdf.php(1450): FPDF->Error('No page has bee...')
#1 /home/ubuntu/workspace/fpdf/fpdf.php(643): FPDF->_out('BT 2.83 264.79 ...')
#2 /home/ubuntu/workspace/api/jual/pdf.php(16): FPDF->Cell(40, 10, 'Nama Pelanggan:')
#3 {main}
  thrown in /home/ubuntu/workspace/fpdf/fpdf.php on line 271
[01-Jan-2019 03:57:34 UTC] PHP Parse error:  syntax error, unexpected '}' in /home/ubuntu/workspace/api/jual/pdf.php on line 9
[01-Jan-2019 03:58:07 UTC] PHP Parse error:  syntax error, unexpected ',' in /home/ubuntu/workspace/api/jual/pdf.php on line 15
[01-Jan-2019 04:01:21 UTC] PHP Fatal error:  Class 'PDF' not found in /home/ubuntu/workspace/api/jual/pdf.php on line 4
[01-Jan-2019 04:01:21 UTC] PHP Stack trace:
[01-Jan-2019 04:01:21 UTC] PHP   1. {main}() /home/ubuntu/workspace/api/jual/pdf.php:0
[01-Jan-2019 04:06:26 UTC] PHP Fatal error:  Function name must be a string in /home/ubuntu/workspace/api/jual/pdf.php on line 4
[01-Jan-2019 04:06:26 UTC] PHP Stack trace:
[01-Jan-2019 04:06:26 UTC] PHP   1. {main}() /home/ubuntu/workspace/api/jual/pdf.php:0
[01-Jan-2019 04:06:59 UTC] PHP Fatal error:  Function name must be a string in /home/ubuntu/workspace/api/jual/pdf.php on line 4
[01-Jan-2019 04:06:59 UTC] PHP Stack trace:
[01-Jan-2019 04:06:59 UTC] PHP   1. {main}() /home/ubuntu/workspace/api/jual/pdf.php:0
